<?xml version="1.0" encoding="UTF-8"?>
<!-- Generated by org.testng.reporters.JUnitXMLReporter -->
<testsuite ignored="0" hostname="DESKTOP-IIC9HPG" failures="0" tests="2" name="Default test" time="2.745" errors="0" timestamp="2024-10-24T10:44:53 IST">
  <testcase classname="requersTestCase.queryParameterAndPathParameter" name="pathParametr" time="1.954"/>
  <testcase classname="requersTestCase.queryParameterAndPathParameter" name="queryParameterEx" time="0.752"/>
</testsuite> <!-- Default test -->
