<?xml version="1.0" encoding="UTF-8"?>
<testng-results ignored="0" total="2" passed="2" failed="0" skipped="0">
  <reporter-output>
  </reporter-output>
  <suite started-at="2024-10-24T10:44:50 IST" name="Default suite" finished-at="2024-10-24T10:44:53 IST" duration-ms="2745">
    <groups>
    </groups>
    <test started-at="2024-10-24T10:44:50 IST" name="Default test" finished-at="2024-10-24T10:44:53 IST" duration-ms="2745">
      <class name="requersTestCase.queryParameterAndPathParameter">
        <test-method signature="pathParametr()[pri:0, instance:requersTestCase.queryParameterAndPathParameter@4d02f94e]" started-at="2024-10-24T10:44:50 IST" name="pathParametr" finished-at="2024-10-24T10:44:52 IST" duration-ms="1954" status="PASS">
          <reporter-output>
          </reporter-output>
        </test-method> <!-- pathParametr -->
        <test-method signature="queryParameterEx()[pri:0, instance:requersTestCase.queryParameterAndPathParameter@4d02f94e]" started-at="2024-10-24T10:44:52 IST" name="queryParameterEx" finished-at="2024-10-24T10:44:53 IST" duration-ms="752" status="PASS">
          <reporter-output>
          </reporter-output>
        </test-method> <!-- queryParameterEx -->
      </class> <!-- requersTestCase.queryParameterAndPathParameter -->
    </test> <!-- Default test -->
  </suite> <!-- Default suite -->
</testng-results>
